[debug] [2024-06-06T14:12:48.423Z] ----------------------------------------------------------------------
[debug] [2024-06-06T14:12:48.428Z] Command:       C:\Program Files\nodejs\node.exe C:\Users\DELL\AppData\Roaming\npm\node_modules\firebase-tools\lib\bin\firebase.js init
[debug] [2024-06-06T14:12:48.429Z] CLI Version:   13.10.2
[debug] [2024-06-06T14:12:48.429Z] Platform:      win32
[debug] [2024-06-06T14:12:48.429Z] Node Version:  v20.11.0
[debug] [2024-06-06T14:12:48.430Z] Time:          Thu Jun 06 2024 15:12:48 GMT+0100 (West Africa Standard Time)
[debug] [2024-06-06T14:12:48.430Z] ----------------------------------------------------------------------
[debug] 
[debug] [2024-06-06T14:12:48.441Z] > command requires scopes: ["email","openid","https://www.googleapis.com/auth/cloudplatformprojects.readonly","https://www.googleapis.com/auth/firebase","https://www.googleapis.com/auth/cloud-platform"]
[debug] [2024-06-06T14:12:48.442Z] > authorizing via signed-in user (okunlade.oluphemmy@gmail.com)
[info] 
     ######## #### ########  ######## ########     ###     ######  ########
     ##        ##  ##     ## ##       ##     ##  ##   ##  ##       ##
     ######    ##  ########  ######   ########  #########  ######  ######
     ##        ##  ##    ##  ##       ##     ## ##     ##       ## ##
     ##       #### ##     ## ######## ########  ##     ##  ######  ########

You're about to initialize a Firebase project in this directory:

  C:\Users\DELL\Desktop\episode1

[info] 
=== Project Setup
[info] 
[info] First, let's associate this project directory with a Firebase project.
[info] You can create multiple project aliases by running firebase use --add, 
[info] but for now we'll just set up a default project.
[info] 
[debug] [2024-06-06T14:27:25.231Z] >>> [apiv2][query] GET https://firebase.googleapis.com/v1beta1/projects pageSize=100
[debug] [2024-06-06T14:27:26.277Z] <<< [apiv2][status] GET https://firebase.googleapis.com/v1beta1/projects 200
[debug] [2024-06-06T14:27:26.278Z] <<< [apiv2][body] GET https://firebase.googleapis.com/v1beta1/projects [omitted]
[info] i  Using project react-course-21ba1 (react-course) 
[info] 
=== Hosting Setup
[debug] [2024-06-06T14:29:45.772Z] >>> [apiv2][query] GET https://firebase.googleapis.com/v1beta1/projects/react-course-21ba1 [none]
[debug] [2024-06-06T14:29:46.661Z] <<< [apiv2][status] GET https://firebase.googleapis.com/v1beta1/projects/react-course-21ba1 200
[debug] [2024-06-06T14:29:46.662Z] <<< [apiv2][body] GET https://firebase.googleapis.com/v1beta1/projects/react-course-21ba1 {"projectId":"react-course-21ba1","projectNumber":"313075358205","displayName":"react-course","name":"projects/react-course-21ba1","resources":{"hostingSite":"react-course-21ba1"},"state":"ACTIVE","etag":"1_f43c92c0-2eae-4a95-9df1-56d98c89bc76"}
[info] 
[info] Your public directory is the folder (relative to your project directory) that
[info] will contain Hosting assets to be uploaded with firebase deploy. If you
[info] have a build process for your assets, use your build's output directory.
[info] 
[info] +  Wrote public/404.html 
[debug] [2024-06-06T14:33:45.448Z] >>> [apiv2][query] GET https://www.gstatic.com/firebasejs/releases.json [none]
[debug] [2024-06-06T14:33:46.038Z] <<< [apiv2][status] GET https://www.gstatic.com/firebasejs/releases.json 200
[debug] [2024-06-06T14:33:46.039Z] <<< [apiv2][body] GET https://www.gstatic.com/firebasejs/releases.json {"current":{"version":"10.12.2","browserURL":"https://www.gstatic.com/firebasejs/10.12.2/firebase.js","packageURL":"https://www.gstatic.com/firebasejs/10.12.2/firebase.tgz"},"live":{"version":"10.12","browserURL":"https://www.gstatic.com/firebasejs/live/10.12/firebase.js","packageURL":"https://www.gstatic.com/firebasejs/live/10.12/firebase.tgz"},"components":{"analytics":"https://www.gstatic.com/firebasejs/10.12.2/firebase-analytics.js","app":"https://www.gstatic.com/firebasejs/10.12.2/firebase-app.js","app-check":"https://www.gstatic.com/firebasejs/10.12.2/firebase-app-check.js","auth":"https://www.gstatic.com/firebasejs/10.12.2/firebase-auth.js","auth/cordova":"https://www.gstatic.com/firebasejs/10.12.2/firebase-auth/cordova.js","auth/web-extension":"https://www.gstatic.com/firebasejs/10.12.2/firebase-auth/web-extension.js","functions":"https://www.gstatic.com/firebasejs/10.12.2/firebase-functions.js","firestore":"https://www.gstatic.com/firebasejs/10.12.2/firebase-firestore.js","firestore/lite":"https://www.gstatic.com/firebasejs/10.12.2/firebase-firestore/lite.js","installations":"https://www.gstatic.com/firebasejs/10.12.2/firebase-installations.js","storage":"https://www.gstatic.com/firebasejs/10.12.2/firebase-storage.js","performance":"https://www.gstatic.com/firebasejs/10.12.2/firebase-performance.js","remote-config":"https://www.gstatic.com/firebasejs/10.12.2/firebase-remote-config.js","messaging":"https://www.gstatic.com/firebasejs/10.12.2/firebase-messaging.js","messaging/sw":"https://www.gstatic.com/firebasejs/10.12.2/firebase-messaging/sw.js","database":"https://www.gstatic.com/firebasejs/10.12.2/firebase-database.js","vertexai-preview":"https://www.gstatic.com/firebasejs/10.12.2/firebase-vertexai-preview.js","firestore.memory":"https://www.gstatic.com/firebasejs/10.12.2/firebase-firestore.memory.js"}}
[info] i  Skipping write of public/index.html 
[info] 
[info] i  Detected a .git folder at C:\Users\DELL\Desktop 
[info] i  Authorizing with GitHub to upload your service account to a GitHub repository's secrets store. 
[info] 
[info] Visit this URL on this device to log in:
[info] https://github.com/login/oauth/authorize?client_id=89cf50f02ac6aaed3484&state=453859858&redirect_uri=http%3A%2F%2Flocalhost%3A9005&scope=read%3Auser%20repo%20public_repo
[info] 
[info] Waiting for authentication...
[debug] [2024-06-06T14:43:05.294Z] >>> [apiv2][query] POST https://github.com/login/oauth/access_token [none]
[debug] [2024-06-06T14:43:05.295Z] >>> [apiv2][body] POST https://github.com/login/oauth/access_token [stream]
[debug] [2024-06-06T14:43:06.738Z] <<< [apiv2][status] POST https://github.com/login/oauth/access_token 200
[debug] [2024-06-06T14:43:06.738Z] <<< [apiv2][body] POST https://github.com/login/oauth/access_token {"access_token":"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","token_type":"bearer","scope":"read:user,repo"}
[debug] [2024-06-06T14:43:06.823Z] >>> [apiv2][query] GET https://api.github.com/user [none]
[debug] [2024-06-06T14:43:07.610Z] <<< [apiv2][status] GET https://api.github.com/user 200
[debug] [2024-06-06T14:43:07.610Z] <<< [apiv2][body] GET https://api.github.com/user {"login":"okunlade-oluwafemi","id":107478675,"node_id":"U_kgDOBmf-kw","avatar_url":"https://avatars.githubusercontent.com/u/107478675?v=4","gravatar_id":"","url":"https://api.github.com/users/okunlade-oluwafemi","html_url":"https://github.com/okunlade-oluwafemi","followers_url":"https://api.github.com/users/okunlade-oluwafemi/followers","following_url":"https://api.github.com/users/okunlade-oluwafemi/following{/other_user}","gists_url":"https://api.github.com/users/okunlade-oluwafemi/gists{/gist_id}","starred_url":"https://api.github.com/users/okunlade-oluwafemi/starred{/owner}{/repo}","subscriptions_url":"https://api.github.com/users/okunlade-oluwafemi/subscriptions","organizations_url":"https://api.github.com/users/okunlade-oluwafemi/orgs","repos_url":"https://api.github.com/users/okunlade-oluwafemi/repos","events_url":"https://api.github.com/users/okunlade-oluwafemi/events{/privacy}","received_events_url":"https://api.github.com/users/okunlade-oluwafemi/received_events","type":"User","site_admin":false,"name":"Femi Okunlade","company":null,"blog":"https://github.com/okunlade-oluwafemi","location":"Abuja, Nigeria","email":null,"hireable":null,"bio":"I'm a front-end developer with expertise in HTML, CSS and JavaScript. let's build something beautiful together!","twitter_username":null,"public_repos":8,"public_gists":0,"followers":3,"following":6,"created_at":"2022-06-14T11:39:34Z","updated_at":"2024-06-06T14:37:56Z","private_gists":0,"total_private_repos":0,"owned_private_repos":0,"disk_usage":58687,"collaborators":0,"two_factor_authentication":false,"plan":{"name":"free","space":976562499,"collaborators":0,"private_repos":10000}}
[info] 
[info] +  Success! Logged into GitHub as okunlade-oluwafemi 
[info] 
[debug] [2024-06-06T21:22:57.615Z] >>> [apiv2][query] GET https://api.github.com/repos//actions/secrets/public-key type=owner
[debug] [2024-06-06T21:22:59.944Z] <<< [apiv2][status] GET https://api.github.com/repos//actions/secrets/public-key 404
[debug] [2024-06-06T21:22:59.944Z] <<< [apiv2][body] GET https://api.github.com/repos//actions/secrets/public-key {"message":"Not Found","documentation_url":"https://docs.github.com/rest"}
[info] 
[info] 
[error] !  The provided authorization cannot be used with this repository. If this repository is in an organization, did you remember to grant access? 
[info] 
[info] i  Action required: Visit this URL to ensure access has been granted to the appropriate organization(s) for the Firebase CLI GitHub OAuth App: 
[info] https://github.com/settings/connections/applications/89cf50f02ac6aaed3484
[info] 
[debug] [2024-06-06T21:23:17.285Z] >>> [apiv2][query] GET https://api.github.com/repos/https://github.com/okunlade-oluwafemi/episode1_vs1.1/actions/secrets/public-key type=owner
[debug] [2024-06-06T21:23:18.405Z] <<< [apiv2][status] GET https://api.github.com/repos/https://github.com/okunlade-oluwafemi/episode1_vs1.1/actions/secrets/public-key 404
[debug] [2024-06-06T21:23:18.405Z] <<< [apiv2][body] GET https://api.github.com/repos/https://github.com/okunlade-oluwafemi/episode1_vs1.1/actions/secrets/public-key {"message":"Not Found","documentation_url":"https://docs.github.com/rest"}
[info] 
[info] 
[error] !  The provided authorization cannot be used with this repository. If this repository is in an organization, did you remember to grant access? 
[info] 
[info] i  Action required: Visit this URL to ensure access has been granted to the appropriate organization(s) for the Firebase CLI GitHub OAuth App: 
[info] https://github.com/settings/connections/applications/89cf50f02ac6aaed3484
[info] 
[debug] [2024-06-06T21:25:14.322Z] >>> [apiv2][query] GET https://api.github.com/repos/https://github.com/okunlade-oluwafemi/episode1_vs1.1https://github.com/okunlade-oluwafemi/episode1_vs1.1/actions/secrets/public-key type=owner
[debug] [2024-06-06T21:25:15.547Z] <<< [apiv2][status] GET https://api.github.com/repos/https://github.com/okunlade-oluwafemi/episode1_vs1.1https://github.com/okunlade-oluwafemi/episode1_vs1.1/actions/secrets/public-key 404
[debug] [2024-06-06T21:25:15.548Z] <<< [apiv2][body] GET https://api.github.com/repos/https://github.com/okunlade-oluwafemi/episode1_vs1.1https://github.com/okunlade-oluwafemi/episode1_vs1.1/actions/secrets/public-key {"message":"Not Found","documentation_url":"https://docs.github.com/rest"}
[info] 
[info] 
[error] !  The provided authorization cannot be used with this repository. If this repository is in an organization, did you remember to grant access? 
[info] 
[info] i  Action required: Visit this URL to ensure access has been granted to the appropriate organization(s) for the Firebase CLI GitHub OAuth App: 
[info] https://github.com/settings/connections/applications/89cf50f02ac6aaed3484
[info] 
[debug] [2024-06-06T21:26:59.653Z] >>> [apiv2][query] GET https://api.github.com/repos/https://github.com/okunlade-oluwafemi/episode1_vs1.1/actions/secrets/public-key type=owner
[debug] [2024-06-06T21:27:01.242Z] <<< [apiv2][status] GET https://api.github.com/repos/https://github.com/okunlade-oluwafemi/episode1_vs1.1/actions/secrets/public-key 404
[debug] [2024-06-06T21:27:01.242Z] <<< [apiv2][body] GET https://api.github.com/repos/https://github.com/okunlade-oluwafemi/episode1_vs1.1/actions/secrets/public-key {"message":"Not Found","documentation_url":"https://docs.github.com/rest"}
[info] 
[info] 
[error] !  The provided authorization cannot be used with this repository. If this repository is in an organization, did you remember to grant access? 
[info] 
[info] i  Action required: Visit this URL to ensure access has been granted to the appropriate organization(s) for the Firebase CLI GitHub OAuth App: 
[info] https://github.com/settings/connections/applications/89cf50f02ac6aaed3484
[info] 
[debug] [2024-06-06T21:27:10.979Z] >>> [apiv2][query] GET https://api.github.com/repos/https://github.com/okunlade-oluwafemi/episode1_vs1.1https://github.com/okunlade-oluwafemi/episode1_vs1.1/actions/secrets/public-key type=owner
[debug] [2024-06-06T21:27:12.110Z] <<< [apiv2][status] GET https://api.github.com/repos/https://github.com/okunlade-oluwafemi/episode1_vs1.1https://github.com/okunlade-oluwafemi/episode1_vs1.1/actions/secrets/public-key 404
[debug] [2024-06-06T21:27:12.110Z] <<< [apiv2][body] GET https://api.github.com/repos/https://github.com/okunlade-oluwafemi/episode1_vs1.1https://github.com/okunlade-oluwafemi/episode1_vs1.1/actions/secrets/public-key {"message":"Not Found","documentation_url":"https://docs.github.com/rest"}
[info] 
[info] 
[error] !  The provided authorization cannot be used with this repository. If this repository is in an organization, did you remember to grant access? 
[info] 
[info] i  Action required: Visit this URL to ensure access has been granted to the appropriate organization(s) for the Firebase CLI GitHub OAuth App: 
[info] https://github.com/settings/connections/applications/89cf50f02ac6aaed3484
[info] 
[debug] [2024-06-06T21:27:14.258Z] >>> [apiv2][query] GET https://api.github.com/repos/https://github.com/okunlade-oluwafemi/episode1_vs1.1https://github.com/okunlade-oluwafemi/episode1_vs1.1/actions/secrets/public-key type=owner
[debug] [2024-06-06T21:27:14.787Z] <<< [apiv2][status] GET https://api.github.com/repos/https://github.com/okunlade-oluwafemi/episode1_vs1.1https://github.com/okunlade-oluwafemi/episode1_vs1.1/actions/secrets/public-key 404
[debug] [2024-06-06T21:27:14.787Z] <<< [apiv2][body] GET https://api.github.com/repos/https://github.com/okunlade-oluwafemi/episode1_vs1.1https://github.com/okunlade-oluwafemi/episode1_vs1.1/actions/secrets/public-key {"message":"Not Found","documentation_url":"https://docs.github.com/rest"}
[info] 
[info] 
[error] !  The provided authorization cannot be used with this repository. If this repository is in an organization, did you remember to grant access? 
[info] 
[info] i  Action required: Visit this URL to ensure access has been granted to the appropriate organization(s) for the Firebase CLI GitHub OAuth App: 
[info] https://github.com/settings/connections/applications/89cf50f02ac6aaed3484
[info] 
[debug] [2024-06-06T21:27:18.614Z] >>> [apiv2][query] GET https://api.github.com/repos/https://github.com/okunlade-oluwafemi/episode1_vs1.1https://github.com/okunlade-oluwafemi/episode1_vs1.1/actions/secrets/public-key type=owner
[debug] [2024-06-06T21:27:19.050Z] <<< [apiv2][status] GET https://api.github.com/repos/https://github.com/okunlade-oluwafemi/episode1_vs1.1https://github.com/okunlade-oluwafemi/episode1_vs1.1/actions/secrets/public-key 404
[debug] [2024-06-06T21:27:19.051Z] <<< [apiv2][body] GET https://api.github.com/repos/https://github.com/okunlade-oluwafemi/episode1_vs1.1https://github.com/okunlade-oluwafemi/episode1_vs1.1/actions/secrets/public-key {"message":"Not Found","documentation_url":"https://docs.github.com/rest"}
[info] 
[info] 
[error] !  The provided authorization cannot be used with this repository. If this repository is in an organization, did you remember to grant access? 
[info] 
[info] i  Action required: Visit this URL to ensure access has been granted to the appropriate organization(s) for the Firebase CLI GitHub OAuth App: 
[info] https://github.com/settings/connections/applications/89cf50f02ac6aaed3484
[info] 
[debug] [2024-06-06T21:27:43.011Z] >>> [apiv2][query] GET https://api.github.com/repos/https://github.com/okunlade-oluwafemi/episode1_vs1.1/actions/secrets/public-key type=owner
[debug] [2024-06-06T21:27:45.754Z] <<< [apiv2][status] GET https://api.github.com/repos/https://github.com/okunlade-oluwafemi/episode1_vs1.1/actions/secrets/public-key 404
[debug] [2024-06-06T21:27:45.754Z] <<< [apiv2][body] GET https://api.github.com/repos/https://github.com/okunlade-oluwafemi/episode1_vs1.1/actions/secrets/public-key {"message":"Not Found","documentation_url":"https://docs.github.com/rest"}
[info] 
[info] 
[error] !  The provided authorization cannot be used with this repository. If this repository is in an organization, did you remember to grant access? 
[info] 
[info] i  Action required: Visit this URL to ensure access has been granted to the appropriate organization(s) for the Firebase CLI GitHub OAuth App: 
[info] https://github.com/settings/connections/applications/89cf50f02ac6aaed3484
[info] 
[debug] [2024-06-06T21:28:31.087Z] >>> [apiv2][query] GET https://api.github.com/repos/https://github.com/okunlade-oluwafemi/episode1_vs1.1/actions/secrets/public-key type=owner
[debug] [2024-06-06T21:28:32.192Z] <<< [apiv2][status] GET https://api.github.com/repos/https://github.com/okunlade-oluwafemi/episode1_vs1.1/actions/secrets/public-key 404
[debug] [2024-06-06T21:28:32.193Z] <<< [apiv2][body] GET https://api.github.com/repos/https://github.com/okunlade-oluwafemi/episode1_vs1.1/actions/secrets/public-key {"message":"Not Found","documentation_url":"https://docs.github.com/rest"}
[info] 
[info] 
[error] !  The provided authorization cannot be used with this repository. If this repository is in an organization, did you remember to grant access? 
[info] 
[info] i  Action required: Visit this URL to ensure access has been granted to the appropriate organization(s) for the Firebase CLI GitHub OAuth App: 
[info] https://github.com/settings/connections/applications/89cf50f02ac6aaed3484
[info] 
[debug] [2024-06-06T21:28:35.904Z] >>> [apiv2][query] GET https://api.github.com/repos/https://github.com/okunlade-oluwafemi/episode1_vs1.1/actions/secrets/public-key type=owner
[debug] [2024-06-06T21:28:36.388Z] <<< [apiv2][status] GET https://api.github.com/repos/https://github.com/okunlade-oluwafemi/episode1_vs1.1/actions/secrets/public-key 404
[debug] [2024-06-06T21:28:36.389Z] <<< [apiv2][body] GET https://api.github.com/repos/https://github.com/okunlade-oluwafemi/episode1_vs1.1/actions/secrets/public-key {"message":"Not Found","documentation_url":"https://docs.github.com/rest"}
[info] 
[info] 
[error] !  The provided authorization cannot be used with this repository. If this repository is in an organization, did you remember to grant access? 
[info] 
[info] i  Action required: Visit this URL to ensure access has been granted to the appropriate organization(s) for the Firebase CLI GitHub OAuth App: 
[info] https://github.com/settings/connections/applications/89cf50f02ac6aaed3484
[info] 
[debug] [2024-06-06T21:28:36.910Z] >>> [apiv2][query] GET https://api.github.com/repos/https://github.com/okunlade-oluwafemi/episode1_vs1.1/actions/secrets/public-key type=owner
[debug] [2024-06-06T21:28:37.478Z] <<< [apiv2][status] GET https://api.github.com/repos/https://github.com/okunlade-oluwafemi/episode1_vs1.1/actions/secrets/public-key 404
[debug] [2024-06-06T21:28:37.478Z] <<< [apiv2][body] GET https://api.github.com/repos/https://github.com/okunlade-oluwafemi/episode1_vs1.1/actions/secrets/public-key {"message":"Not Found","documentation_url":"https://docs.github.com/rest"}
[info] 
[info] 
[error] !  The provided authorization cannot be used with this repository. If this repository is in an organization, did you remember to grant access? 
[info] 
[info] i  Action required: Visit this URL to ensure access has been granted to the appropriate organization(s) for the Firebase CLI GitHub OAuth App: 
[info] https://github.com/settings/connections/applications/89cf50f02ac6aaed3484
[info] 
